<?xml version="1.0" encoding="UTF-8"?>
<coverage generated="1710888975593" clover="3.2.0">
  <project timestamp="1710888975593" name="All files">
    <metrics statements="21" coveredstatements="19" conditionals="12" coveredconditionals="6" methods="7" coveredmethods="6" elements="40" coveredelements="31" complexity="0" loc="21" ncloc="21" packages="4" files="5" classes="5"/>
    <package name="context">
      <metrics statements="6" coveredstatements="6" conditionals="4" coveredconditionals="3" methods="1" coveredmethods="1"/>
      <file name="AuthContext.jsx" path="C:\Users\Marta\Desktop\Deleina\CURSO UDEMY REACT\06-Heroes-SPA\Heroes-SPA\src\context\AuthContext.jsx">
        <metrics statements="1" coveredstatements="1" conditionals="0" coveredconditionals="0" methods="0" coveredmethods="0"/>
        <line num="4" count="2" type="stmt"/>
      </file>
      <file name="authReducer.js" path="C:\Users\Marta\Desktop\Deleina\CURSO UDEMY REACT\06-Heroes-SPA\Heroes-SPA\src\context\authReducer.js">
        <metrics statements="5" coveredstatements="5" conditionals="4" coveredconditionals="3" methods="1" coveredmethods="1"/>
        <line num="4" count="1" type="cond" truecount="0" falsecount="1"/>
        <line num="7" count="3" type="cond" truecount="3" falsecount="0"/>
        <line num="9" count="1" type="stmt"/>
        <line num="16" count="1" type="stmt"/>
        <line num="21" count="1" type="stmt"/>
      </file>
    </package>
    <package name="router">
      <metrics statements="3" coveredstatements="1" conditionals="2" coveredconditionals="0" methods="1" coveredmethods="0"/>
      <file name="PublicRoute.jsx" path="C:\Users\Marta\Desktop\Deleina\CURSO UDEMY REACT\06-Heroes-SPA\Heroes-SPA\src\router\PublicRoute.jsx">
        <metrics statements="3" coveredstatements="1" conditionals="2" coveredconditionals="0" methods="1" coveredmethods="0"/>
        <line num="5" count="1" type="stmt"/>
        <line num="6" count="0" type="stmt"/>
        <line num="8" count="0" type="cond" truecount="0" falsecount="2"/>
      </file>
    </package>
    <package name="types">
      <metrics statements="1" coveredstatements="1" conditionals="0" coveredconditionals="0" methods="0" coveredmethods="0"/>
      <file name="types.js" path="C:\Users\Marta\Desktop\Deleina\CURSO UDEMY REACT\06-Heroes-SPA\Heroes-SPA\src\types\types.js">
        <metrics statements="1" coveredstatements="1" conditionals="0" coveredconditionals="0" methods="0" coveredmethods="0"/>
        <line num="2" count="2" type="stmt"/>
      </file>
    </package>
    <package name="ui.components">
      <metrics statements="11" coveredstatements="11" conditionals="6" coveredconditionals="3" methods="5" coveredmethods="5"/>
      <file name="Navbar.jsx" path="C:\Users\Marta\Desktop\Deleina\CURSO UDEMY REACT\06-Heroes-SPA\Heroes-SPA\src\ui\components\Navbar.jsx">
        <metrics statements="11" coveredstatements="11" conditionals="6" coveredconditionals="3" methods="5" coveredmethods="5"/>
        <line num="6" count="1" type="stmt"/>
        <line num="7" count="2" type="stmt"/>
        <line num="8" count="2" type="stmt"/>
        <line num="10" count="2" type="stmt"/>
        <line num="13" count="2" type="stmt"/>
        <line num="14" count="1" type="stmt"/>
        <line num="15" count="1" type="stmt"/>
        <line num="21" count="2" type="stmt"/>
        <line num="35" count="2" type="cond" truecount="1" falsecount="1"/>
        <line num="42" count="2" type="cond" truecount="1" falsecount="1"/>
        <line num="49" count="2" type="cond" truecount="1" falsecount="1"/>
      </file>
    </package>
  </project>
</coverage>
