{"C:\\Users\\Marta\\Desktop\\Deleina\\CURSO UDEMY REACT\\06-Heroes-SPA\\Heroes-SPA\\src\\context\\AuthContext.jsx": {"path":"C:\\Users\\Marta\\Desktop\\Deleina\\CURSO UDEMY REACT\\06-Heroes-SPA\\Heroes-SPA\\src\\context\\AuthContext.jsx","statementMap":{"0":{"start":{"line":4,"column":27},"end":{"line":4,"column":42}}},"fnMap":{},"branchMap":{},"s":{"0":2},"f":{},"b":{},"_coverageSchema":"1a1c01bbd47fc00a2c39e90264f33305004495a9","hash":"eccbac782242e9c78a5f59a8bec26909c1b727a9"}
,"C:\\Users\\Marta\\Desktop\\Deleina\\CURSO UDEMY REACT\\06-Heroes-SPA\\Heroes-SPA\\src\\context\\authReducer.js": {"path":"C:\\Users\\Marta\\Desktop\\Deleina\\CURSO UDEMY REACT\\06-Heroes-SPA\\Heroes-SPA\\src\\context\\authReducer.js","statementMap":{"0":{"start":{"line":4,"column":27},"end":{"line":23,"column":1}},"1":{"start":{"line":7,"column":4},"end":{"line":22,"column":5}},"2":{"start":{"line":9,"column":12},"end":{"line":13,"column":14}},"3":{"start":{"line":16,"column":12},"end":{"line":18,"column":14}},"4":{"start":{"line":21,"column":12},"end":{"line":21,"column":25}}},"fnMap":{"0":{"name":"(anonymous_0)","decl":{"start":{"line":4,"column":27},"end":{"line":4,"column":28}},"loc":{"start":{"line":4,"column":51},"end":{"line":23,"column":1}},"line":4}},"branchMap":{"0":{"loc":{"start":{"line":4,"column":28},"end":{"line":4,"column":38}},"type":"default-arg","locations":[{"start":{"line":4,"column":36},"end":{"line":4,"column":38}}],"line":4},"1":{"loc":{"start":{"line":7,"column":4},"end":{"line":22,"column":5}},"type":"switch","locations":[{"start":{"line":8,"column":8},"end":{"line":13,"column":14}},{"start":{"line":15,"column":8},"end":{"line":18,"column":14}},{"start":{"line":20,"column":8},"end":{"line":21,"column":25}}],"line":7}},"s":{"0":1,"1":3,"2":1,"3":1,"4":1},"f":{"0":3},"b":{"0":[0],"1":[1,1,1]},"_coverageSchema":"1a1c01bbd47fc00a2c39e90264f33305004495a9","hash":"064fa4818c442631cc032e71e2e549f7e788f46b"}
,"C:\\Users\\Marta\\Desktop\\Deleina\\CURSO UDEMY REACT\\06-Heroes-SPA\\Heroes-SPA\\src\\router\\PublicRoute.jsx": {"path":"C:\\Users\\Marta\\Desktop\\Deleina\\CURSO UDEMY REACT\\06-Heroes-SPA\\Heroes-SPA\\src\\router\\PublicRoute.jsx","statementMap":{"0":{"start":{"line":5,"column":27},"end":{"line":9,"column":1}},"1":{"start":{"line":6,"column":21},"end":{"line":6,"column":44}},"2":{"start":{"line":8,"column":4},"end":{"line":8,"column":57}}},"fnMap":{"0":{"name":"(anonymous_0)","decl":{"start":{"line":5,"column":27},"end":{"line":5,"column":28}},"loc":{"start":{"line":5,"column":43},"end":{"line":9,"column":1}},"line":5}},"branchMap":{"0":{"loc":{"start":{"line":8,"column":11},"end":{"line":8,"column":57}},"type":"cond-expr","locations":[{"start":{"line":8,"column":23},"end":{"line":8,"column":31}},{"start":{"line":8,"column":33},"end":{"line":8,"column":57}}],"line":8}},"s":{"0":1,"1":0,"2":0},"f":{"0":0},"b":{"0":[0,0]},"_coverageSchema":"1a1c01bbd47fc00a2c39e90264f33305004495a9","hash":"41157e5361833f83e6040a775ba3cf1d221c5a5d"}
,"C:\\Users\\Marta\\Desktop\\Deleina\\CURSO UDEMY REACT\\06-Heroes-SPA\\Heroes-SPA\\src\\types\\types.js": {"path":"C:\\Users\\Marta\\Desktop\\Deleina\\CURSO UDEMY REACT\\06-Heroes-SPA\\Heroes-SPA\\src\\types\\types.js","statementMap":{"0":{"start":{"line":2,"column":21},"end":{"line":5,"column":1}}},"fnMap":{},"branchMap":{},"s":{"0":2},"f":{},"b":{},"_coverageSchema":"1a1c01bbd47fc00a2c39e90264f33305004495a9","hash":"80416977b9ed43f91a91897c0a3500b1c35ce3e2"}
,"C:\\Users\\Marta\\Desktop\\Deleina\\CURSO UDEMY REACT\\06-Heroes-SPA\\Heroes-SPA\\src\\ui\\components\\Navbar.jsx": {"path":"C:\\Users\\Marta\\Desktop\\Deleina\\CURSO UDEMY REACT\\06-Heroes-SPA\\Heroes-SPA\\src\\ui\\components\\Navbar.jsx","statementMap":{"0":{"start":{"line":6,"column":22},"end":{"line":80,"column":1}},"1":{"start":{"line":7,"column":29},"end":{"line":7,"column":52}},"2":{"start":{"line":8,"column":4},"end":{"line":8,"column":22}},"3":{"start":{"line":10,"column":21},"end":{"line":10,"column":34}},"4":{"start":{"line":13,"column":21},"end":{"line":18,"column":5}},"5":{"start":{"line":14,"column":8},"end":{"line":14,"column":17}},"6":{"start":{"line":15,"column":8},"end":{"line":17,"column":11}},"7":{"start":{"line":21,"column":4},"end":{"line":79,"column":5}},"8":{"start":{"line":35,"column":53},"end":{"line":35,"column":100}},"9":{"start":{"line":42,"column":53},"end":{"line":42,"column":100}},"10":{"start":{"line":49,"column":53},"end":{"line":49,"column":100}}},"fnMap":{"0":{"name":"(anonymous_0)","decl":{"start":{"line":6,"column":22},"end":{"line":6,"column":23}},"loc":{"start":{"line":6,"column":28},"end":{"line":80,"column":1}},"line":6},"1":{"name":"(anonymous_1)","decl":{"start":{"line":13,"column":21},"end":{"line":13,"column":22}},"loc":{"start":{"line":13,"column":27},"end":{"line":18,"column":5}},"line":13},"2":{"name":"(anonymous_2)","decl":{"start":{"line":35,"column":35},"end":{"line":35,"column":36}},"loc":{"start":{"line":35,"column":53},"end":{"line":35,"column":100}},"line":35},"3":{"name":"(anonymous_3)","decl":{"start":{"line":42,"column":35},"end":{"line":42,"column":36}},"loc":{"start":{"line":42,"column":53},"end":{"line":42,"column":100}},"line":42},"4":{"name":"(anonymous_4)","decl":{"start":{"line":49,"column":35},"end":{"line":49,"column":36}},"loc":{"start":{"line":49,"column":53},"end":{"line":49,"column":100}},"line":49}},"branchMap":{"0":{"loc":{"start":{"line":35,"column":74},"end":{"line":35,"column":98}},"type":"cond-expr","locations":[{"start":{"line":35,"column":85},"end":{"line":35,"column":93}},{"start":{"line":35,"column":96},"end":{"line":35,"column":98}}],"line":35},"1":{"loc":{"start":{"line":42,"column":74},"end":{"line":42,"column":98}},"type":"cond-expr","locations":[{"start":{"line":42,"column":85},"end":{"line":42,"column":93}},{"start":{"line":42,"column":96},"end":{"line":42,"column":98}}],"line":42},"2":{"loc":{"start":{"line":49,"column":74},"end":{"line":49,"column":98}},"type":"cond-expr","locations":[{"start":{"line":49,"column":85},"end":{"line":49,"column":93}},{"start":{"line":49,"column":96},"end":{"line":49,"column":98}}],"line":49}},"s":{"0":1,"1":2,"2":2,"3":2,"4":2,"5":1,"6":1,"7":2,"8":2,"9":2,"10":2},"f":{"0":2,"1":1,"2":2,"3":2,"4":2},"b":{"0":[0,2],"1":[0,2],"2":[0,2]},"_coverageSchema":"1a1c01bbd47fc00a2c39e90264f33305004495a9","hash":"0bf7be0cbcf4a4c0f5b00278062c1afadb004602"}
}
