TN:
SF:src\context\AuthContext.jsx
FNF:0
FNH:0
DA:4,2
LF:1
LH:1
BRF:0
BRH:0
end_of_record
TN:
SF:src\context\authReducer.js
FN:4,(anonymous_0)
FNF:1
FNH:1
FNDA:3,(anonymous_0)
DA:4,1
DA:7,3
DA:9,1
DA:16,1
DA:21,1
LF:5
LH:5
BRDA:4,0,0,0
BRDA:7,1,0,1
BRDA:7,1,1,1
BRDA:7,1,2,1
BRF:4
BRH:3
end_of_record
TN:
SF:src\router\PublicRoute.jsx
FN:5,(anonymous_0)
FNF:1
FNH:0
FNDA:0,(anonymous_0)
DA:5,1
DA:6,0
DA:8,0
LF:3
LH:1
BRDA:8,0,0,0
BRDA:8,0,1,0
BRF:2
BRH:0
end_of_record
TN:
SF:src\types\types.js
FNF:0
FNH:0
DA:2,2
LF:1
LH:1
BRF:0
BRH:0
end_of_record
TN:
SF:src\ui\components\Navbar.jsx
FN:6,(anonymous_0)
FN:13,(anonymous_1)
FN:35,(anonymous_2)
FN:42,(anonymous_3)
FN:49,(anonymous_4)
FNF:5
FNH:5
FNDA:2,(anonymous_0)
FNDA:1,(anonymous_1)
FNDA:2,(anonymous_2)
FNDA:2,(anonymous_3)
FNDA:2,(anonymous_4)
DA:6,1
DA:7,2
DA:8,2
DA:10,2
DA:13,2
DA:14,1
DA:15,1
DA:21,2
DA:35,2
DA:42,2
DA:49,2
LF:11
LH:11
BRDA:35,0,0,0
BRDA:35,0,1,2
BRDA:42,1,0,0
BRDA:42,1,1,2
BRDA:49,2,0,0
BRDA:49,2,1,2
BRF:6
BRH:3
end_of_record
